[H[2JWelcome to

 EEEEEE LL    IIII ZZZZZZZ  AAAA
 EE     LL     II      ZZ  AA  AA
 EEEE   LL     II    ZZZ   AAAAAA
 EE     LL     II   ZZ     AA  AA
 EEEEEE LLLLL IIII ZZZZZZZ AA  AA

Eliza is an open-source AI agent.
     Createdby ai16z 2024.

                                                        
  â•”â•â•â•â•â•â•â•â•â•â•â•â•â•â•â•â•â•â•â•â•â•â•â•â•â•â•â•â•â•â•â•â•â•â•â•â•â•â•â•â•â•â•â•â•â•â•â•â•â•â•â•—  
  â•‘                                                  â•‘  
  â•‘                Installation Setup                â•‘  
  â•‘                                                  â•‘  
  â•‘      This script will set up Eliza for you       â•‘  
  â•‘                                                  â•‘  
  â•šâ•â•â•â•â•â•â•â•â•â•â•â•â•â•â•â•â•â•â•â•â•â•â•â•â•â•â•â•â•â•â•â•â•â•â•â•â•â•â•â•â•â•â•â•â•â•â•â•â•â•â•  
                                                        
[2025-02-24 15:05:11] INFO: Checking system dependencies...
[2025-02-24 15:05:11] INFO: Checking system dependencies...
[2025-02-24 15:05:11] INFO: All dependencies are already installed
[2025-02-24 15:05:11] INFO: All dependencies are already installed
[2025-02-24 15:05:11] SUCCESS: Dependencies checked
[2025-02-24 15:05:11] SUCCESS: Dependencies checked
[?25l[?2004h [D[2K[?2004l[?25h[?1002l[?1003l[?1006l[2025-02-24 15:05:11] INFO: pnpm is already installed
[2025-02-24 15:05:11] INFO: pnpm is already installed
[2025-02-24 15:05:11] SUCCESS: Node.js setup complete
[2025-02-24 15:05:11] SUCCESS: Node.js setup complete
[2025-02-24 15:05:11] INFO: Eliza directory already exists
[2025-02-24 15:05:11] INFO: Eliza directory already exists
[H[2JWelcome to

 EEEEEE LL    IIII ZZZZZZZ  AAAA
 EE     LL     II      ZZ  AA  AA
 EEEE   LL     II    ZZZ   AAAAAA
 EE     LL     II   ZZ     AA  AA
 EEEEEE LLLLL IIII ZZZZZZZ AA  AA

Eliza is an open-source AI agent.
     Createdby ai16z 2024.

                                                        
  â•”â•â•â•â•â•â•â•â•â•â•â•â•â•â•â•â•â•â•â•â•â•â•â•â•â•â•â•â•â•â•â•â•â•â•â•â•â•â•â•â•â•â•â•â•â•â•â•â•â•â•â•—  
  â•‘                                                  â•‘  
  â•‘                Installation Setup                â•‘  
  â•‘                                                  â•‘  
  â•‘      This script will set up Eliza for you       â•‘  
  â•‘                                                  â•‘  
  â•šâ•â•â•â•â•â•â•â•â•â•â•â•â•â•â•â•â•â•â•â•â•â•â•â•â•â•â•â•â•â•â•â•â•â•â•â•â•â•â•â•â•â•â•â•â•â•â•â•â•â•â•  
                                                        
[2025-02-24 15:08:25] INFO: Checking system dependencies...
[2025-02-24 15:08:25] INFO: Checking system dependencies...
[2025-02-24 15:08:25] INFO: All dependencies are already installed
[2025-02-24 15:08:25] INFO: All dependencies are already installed
[2025-02-24 15:08:25] SUCCESS: Dependencies checked
[2025-02-24 15:08:25] SUCCESS: Dependencies checked
[?25l[?2004h [D[2K[?2004l[?25h[?1002l[?1003l[?1006l[2025-02-24 15:08:25] INFO: pnpm is already installed
[2025-02-24 15:08:25] INFO: pnpm is already installed
[2025-02-24 15:08:25] SUCCESS: Node.js setup complete
[2025-02-24 15:08:25] SUCCESS: Node.js setup complete
[2025-02-24 15:08:25] INFO: Eliza directory already exists
[2025-02-24 15:08:25] INFO: Eliza directory already exists
[H[2JWelcome to

 EEEEEE LL    IIII ZZZZZZZ  AAAA
 EE     LL     II      ZZ  AA  AA
 EEEE   LL     II    ZZZ   AAAAAA
 EE     LL     II   ZZ     AA  AA
 EEEEEE LLLLL IIII ZZZZZZZ AA  AA

Eliza is an open-source AI agent.
     Createdby ai16z 2024.

                                                        
  â•”â•â•â•â•â•â•â•â•â•â•â•â•â•â•â•â•â•â•â•â•â•â•â•â•â•â•â•â•â•â•â•â•â•â•â•â•â•â•â•â•â•â•â•â•â•â•â•â•â•â•â•—  
  â•‘                                                  â•‘  
  â•‘                Installation Setup                â•‘  
  â•‘                                                  â•‘  
  â•‘      This script will set up Eliza for you       â•‘  
  â•‘                                                  â•‘  
  â•šâ•â•â•â•â•â•â•â•â•â•â•â•â•â•â•â•â•â•â•â•â•â•â•â•â•â•â•â•â•â•â•â•â•â•â•â•â•â•â•â•â•â•â•â•â•â•â•â•â•â•â•  
                                                        
[2025-02-24 15:10:01] INFO: Checking system dependencies...
[2025-02-24 15:10:01] INFO: Checking system dependencies...
[2025-02-24 15:10:01] INFO: All dependencies are already installed
[2025-02-24 15:10:01] INFO: All dependencies are already installed
[2025-02-24 15:10:01] SUCCESS: Dependencies checked
[2025-02-24 15:10:01] SUCCESS: Dependencies checked
[?25l[?2004h [D[2K[?2004l[?25h[?1002l[?1003l[?1006l[2025-02-24 15:10:01] INFO: pnpm is already installed
[2025-02-24 15:10:01] INFO: pnpm is already installed
[2025-02-24 15:10:01] SUCCESS: Node.js setup complete
[2025-02-24 15:10:01] SUCCESS: Node.js setup complete
[2025-02-24 15:10:01] INFO: Eliza directory already exists
[2025-02-24 15:10:01] INFO: Eliza directory already exists
[H[2JWelcome to

 EEEEEE LL    IIII ZZZZZZZ  AAAA
 EE     LL     II      ZZ  AA  AA
 EEEE   LL     II    ZZZ   AAAAAA
 EE     LL     II   ZZ     AA  AA
 EEEEEE LLLLL IIII ZZZZZZZ AA  AA

Eliza is an open-source AI agent.
     Createdby ai16z 2024.

                                                        
  â•”â•â•â•â•â•â•â•â•â•â•â•â•â•â•â•â•â•â•â•â•â•â•â•â•â•â•â•â•â•â•â•â•â•â•â•â•â•â•â•â•â•â•â•â•â•â•â•â•â•â•â•—  
  â•‘                                                  â•‘  
  â•‘                Installation Setup                â•‘  
  â•‘                                                  â•‘  
  â•‘      This script will set up Eliza for you       â•‘  
  â•‘                                                  â•‘  
  â•šâ•â•â•â•â•â•â•â•â•â•â•â•â•â•â•â•â•â•â•â•â•â•â•â•â•â•â•â•â•â•â•â•â•â•â•â•â•â•â•â•â•â•â•â•â•â•â•â•â•â•â•  
                                                        
[2025-02-24 15:14:33] INFO: Checking system dependencies...
[2025-02-24 15:14:33] INFO: Checking system dependencies...
[2025-02-24 15:14:33] INFO: All dependencies are already installed
[2025-02-24 15:14:33] INFO: All dependencies are already installed
[2025-02-24 15:14:33] SUCCESS: Dependencies checked
[2025-02-24 15:14:33] SUCCESS: Dependencies checked
[2025-02-24 15:14:33] INFO: pnpm is already installed
[2025-02-24 15:14:33] INFO: pnpm is already installed
[?25l[?2004h [D[2K[?2004l[?25h[?1002l[?1003l[?1006l[2025-02-24 15:14:33] SUCCESS: Node.js setup complete
[2025-02-24 15:14:33] SUCCESS: Node.js setup complete
[2025-02-24 15:14:33] INFO: Eliza directory already exists
[2025-02-24 15:14:33] INFO: Eliza directory already exists
[H[2JWelcome to

 EEEEEE LL    IIII ZZZZZZZ  AAAA
 EE     LL     II      ZZ  AA  AA
 EEEE   LL     II    ZZZ   AAAAAA
 EE     LL     II   ZZ     AA  AA
 EEEEEE LLLLL IIII ZZZZZZZ AA  AA

Eliza is an open-source AI agent.
     Createdby ai16z 2024.

                                                        
  â•”â•â•â•â•â•â•â•â•â•â•â•â•â•â•â•â•â•â•â•â•â•â•â•â•â•â•â•â•â•â•â•â•â•â•â•â•â•â•â•â•â•â•â•â•â•â•â•â•â•â•â•—  
  â•‘                                                  â•‘  
  â•‘                Installation Setup                â•‘  
  â•‘                                                  â•‘  
  â•‘      This script will set up Eliza for you       â•‘  
  â•‘                                                  â•‘  
  â•šâ•â•â•â•â•â•â•â•â•â•â•â•â•â•â•â•â•â•â•â•â•â•â•â•â•â•â•â•â•â•â•â•â•â•â•â•â•â•â•â•â•â•â•â•â•â•â•â•â•â•â•  
                                                        
[2025-02-24 15:14:58] INFO: Checking system dependencies...
[2025-02-24 15:14:58] INFO: Checking system dependencies...
[2025-02-24 15:14:58] INFO: All dependencies are already installed
[2025-02-24 15:14:58] INFO: All dependencies are already installed
[2025-02-24 15:14:58] SUCCESS: Dependencies checked
[2025-02-24 15:14:58] SUCCESS: Dependencies checked
[?25l[?2004h [D[2K[?2004l[?25h[?1002l[?1003l[?1006l[2025-02-24 15:14:59] INFO: pnpm is already installed
[2025-02-24 15:14:59] INFO: pnpm is already installed
[2025-02-24 15:14:59] SUCCESS: Node.js setup complete
[2025-02-24 15:14:59] SUCCESS: Node.js setup complete
[2025-02-24 15:14:59] INFO: Eliza directory already exists
[2025-02-24 15:14:59] INFO: Eliza directory already exists
[H[2JWelcome to

 EEEEEE LL    IIII ZZZZZZZ  AAAA
 EE     LL     II      ZZ  AA  AA
 EEEE   LL     II    ZZZ   AAAAAA
 EE     LL     II   ZZ     AA  AA
 EEEEEE LLLLL IIII ZZZZZZZ AA  AA

Eliza is an open-source AI agent.
     Createdby ai16z 2024.

                                                        
  â•”â•â•â•â•â•â•â•â•â•â•â•â•â•â•â•â•â•â•â•â•â•â•â•â•â•â•â•â•â•â•â•â•â•â•â•â•â•â•â•â•â•â•â•â•â•â•â•â•â•â•â•—  
  â•‘                                                  â•‘  
  â•‘                Installation Setup                â•‘  
  â•‘                                                  â•‘  
  â•‘      This script will set up Eliza for you       â•‘  
  â•‘                                                  â•‘  
  â•šâ•â•â•â•â•â•â•â•â•â•â•â•â•â•â•â•â•â•â•â•â•â•â•â•â•â•â•â•â•â•â•â•â•â•â•â•â•â•â•â•â•â•â•â•â•â•â•â•â•â•â•  
                                                        
[2025-02-24 15:15:14] INFO: Checking system dependencies...
[2025-02-24 15:15:14] INFO: Checking system dependencies...
[2025-02-24 15:15:14] INFO: All dependencies are already installed
[2025-02-24 15:15:14] INFO: All dependencies are already installed
[2025-02-24 15:15:14] SUCCESS: Dependencies checked
[2025-02-24 15:15:14] SUCCESS: Dependencies checked
[?25l[?2004h [D[2K[?2004l[?25h[?1002l[?1003l[?1006l[2025-02-24 15:15:14] INFO: pnpm is already installed
[2025-02-24 15:15:14] INFO: pnpm is already installed
[2025-02-24 15:15:14] SUCCESS: Node.js setup complete
[2025-02-24 15:15:14] SUCCESS: Node.js setup complete
[2025-02-24 15:15:14] INFO: Eliza directory already exists
[2025-02-24 15:15:14] INFO: Eliza directory already exists
